<?xml version="1.0" encoding="UTF-8"?>
<testng-results skipped="0" failed="0" total="1" passed="1">
  <reporter-output>
  </reporter-output>
  <suite name="Default suite" duration-ms="27201" started-at="2020-08-17T04:02:41Z" finished-at="2020-08-17T04:03:08Z">
    <groups>
    </groups>
    <test name="Default test" duration-ms="27201" started-at="2020-08-17T04:02:41Z" finished-at="2020-08-17T04:03:08Z">
      <class name="test.First">
        <test-method status="PASS" signature="negativeLogin1()[pri:0, instance:test.First@23223dd8]" name="negativeLogin1" duration-ms="27148" started-at="2020-08-16T21:02:41Z" finished-at="2020-08-16T21:03:08Z">
          <reporter-output>
          </reporter-output>
        </test-method> <!-- negativeLogin1 -->
      </class> <!-- test.First -->
    </test> <!-- Default test -->
  </suite> <!-- Default suite -->
</testng-results>
